<?xml version="1.0" encoding="UTF-8"?>
<!-- Generated by org.testng.reporters.JUnitXMLReporter -->
<testsuite ignored="4" hostname="LAPTOP-AF5TJP7S" failures="0" tests="6" name="Test" time="0.068" errors="0" timestamp="2025-10-31T23:19:51 IST">
  <testcase classname="testNGconcepts.GroupsDemo" name="m1" time="0.007"/>
  <testcase classname="testNGconcepts.GroupsDemo" name="m2" time="0.001"/>
  <testcase classname="testNGconcepts.GroupsDemo" name="m3" time="0.001"/>
  <testcase classname="testNGconcepts.GroupsDemo" name="m5" time="0.002"/>
  <testcase classname="testNGconcepts.GroupsDemo" name="m6" time="0.001"/>
  <testcase classname="testNGconcepts.GroupsDemo" name="m10" time="0.001"/>
  <testcase classname="testNGconcepts.GroupsDemo" name="m9" time="0.0">
    <ignored/>
  </testcase> <!-- m9 -->
  <testcase classname="testNGconcepts.GroupsDemo" name="m8" time="0.0">
    <ignored/>
  </testcase> <!-- m8 -->
  <testcase classname="testNGconcepts.GroupsDemo" name="m7" time="0.0">
    <ignored/>
  </testcase> <!-- m7 -->
  <testcase classname="testNGconcepts.GroupsDemo" name="m4" time="0.0">
    <ignored/>
  </testcase> <!-- m4 -->
</testsuite> <!-- Test -->
