<?xml version="1.0" encoding="UTF-8"?>
<!-- Generated by org.testng.reporters.JUnitReportReporter -->
<testsuite hostname="LAPTOP-AF5TJP7S" failures="0" tests="6" name="testNGconcepts.GroupsDemo" time="0.013" errors="0" timestamp="2025-10-31T23:19:51 IST" skipped="0">
  <testcase classname="testNGconcepts.GroupsDemo" name="m1" time="0.007"/>
  <testcase classname="testNGconcepts.GroupsDemo" name="m2" time="0.001"/>
  <testcase classname="testNGconcepts.GroupsDemo" name="m3" time="0.001"/>
  <testcase classname="testNGconcepts.GroupsDemo" name="m5" time="0.002"/>
  <testcase classname="testNGconcepts.GroupsDemo" name="m6" time="0.001"/>
  <testcase classname="testNGconcepts.GroupsDemo" name="m10" time="0.001"/>
</testsuite> <!-- testNGconcepts.GroupsDemo -->
