<?xml version="1.0" encoding="UTF-8"?>
<!-- Generated by org.testng.reporters.JUnitReportReporter -->
<testsuite hostname="LAPTOP-AF5TJP7S" failures="0" tests="2" name="testNGconcepts.TestNGannotations" time="0.007" errors="0" timestamp="2025-10-28T20:42:33 IST" skipped="0">
  <testcase classname="testNGconcepts.TestNGannotations" name="test1" time="0.003"/>
  <testcase classname="testNGconcepts.TestNGannotations" name="test2" time="0.004"/>
</testsuite> <!-- testNGconcepts.TestNGannotations -->
